D:\DOCUMENTS\VISUAL STUDIO 2010\PROJECTS\MK\DEBUG\MK.CHM
D:\Documents\Visual Studio 2010\Projects\mk\Debug\mk.exe
D:\Documents\Visual Studio 2010\Projects\mk\Debug\mk.ilk
D:\Documents\Visual Studio 2010\Projects\mk\Debug\mk.pdb
D:\DOCUMENTS\VISUAL STUDIO 2010\PROJECTS\MK\MK\DEBUG\ABSTRACTTRADE.OBJ
D:\DOCUMENTS\VISUAL STUDIO 2010\PROJECTS\MK\MK\DEBUG\ACCOUNT.OBJ
D:\DOCUMENTS\VISUAL STUDIO 2010\PROJECTS\MK\MK\DEBUG\ADOCONN.OBJ
D:\DOCUMENTS\VISUAL STUDIO 2010\PROJECTS\MK\MK\DEBUG\CHOOSE_STOCK.OBJ
D:\Documents\Visual Studio 2010\Projects\mk\mk\Debug\cl.command.1.tlog
D:\Documents\Visual Studio 2010\Projects\mk\mk\Debug\CL.read.1.tlog
D:\Documents\Visual Studio 2010\Projects\mk\mk\Debug\CL.write.1.tlog
D:\Documents\Visual Studio 2010\Projects\mk\mk\Debug\custombuild.command.1.tlog
D:\Documents\Visual Studio 2010\Projects\mk\mk\Debug\custombuild.read.1.tlog
D:\Documents\Visual Studio 2010\Projects\mk\mk\Debug\custombuild.write.1.tlog
D:\DOCUMENTS\VISUAL STUDIO 2010\PROJECTS\MK\MK\DEBUG\DLGPROXY.OBJ
D:\Documents\Visual Studio 2010\Projects\mk\mk\Debug\link.3332.read.1.tlog
D:\Documents\Visual Studio 2010\Projects\mk\mk\Debug\link.3332.write.1.tlog
D:\Documents\Visual Studio 2010\Projects\mk\mk\Debug\link.3332-cvtres.read.1.tlog
D:\Documents\Visual Studio 2010\Projects\mk\mk\Debug\link.3332-cvtres.write.1.tlog
D:\Documents\Visual Studio 2010\Projects\mk\mk\Debug\link.4776.read.1.tlog
D:\Documents\Visual Studio 2010\Projects\mk\mk\Debug\link.4776.write.1.tlog
D:\Documents\Visual Studio 2010\Projects\mk\mk\Debug\link.4776-cvtres.read.1.tlog
D:\Documents\Visual Studio 2010\Projects\mk\mk\Debug\link.4776-cvtres.write.1.tlog
D:\Documents\Visual Studio 2010\Projects\mk\mk\Debug\link.9268.read.1.tlog
D:\Documents\Visual Studio 2010\Projects\mk\mk\Debug\link.9268.write.1.tlog
D:\Documents\Visual Studio 2010\Projects\mk\mk\Debug\link.9268-cvtres.read.1.tlog
D:\Documents\Visual Studio 2010\Projects\mk\mk\Debug\link.9268-cvtres.write.1.tlog
D:\Documents\Visual Studio 2010\Projects\mk\mk\Debug\link.9552.read.1.tlog
D:\Documents\Visual Studio 2010\Projects\mk\mk\Debug\link.9552.write.1.tlog
D:\Documents\Visual Studio 2010\Projects\mk\mk\Debug\link.9552-cvtres.read.1.tlog
D:\Documents\Visual Studio 2010\Projects\mk\mk\Debug\link.9552-cvtres.write.1.tlog
D:\Documents\Visual Studio 2010\Projects\mk\mk\Debug\link.command.1.tlog
D:\Documents\Visual Studio 2010\Projects\mk\mk\Debug\link.read.1.tlog
D:\Documents\Visual Studio 2010\Projects\mk\mk\Debug\link.write.1.tlog
D:\Documents\Visual Studio 2010\Projects\mk\mk\Debug\link-cvtres.read.1.tlog
D:\Documents\Visual Studio 2010\Projects\mk\mk\Debug\link-cvtres.write.1.tlog
D:\Documents\Visual Studio 2010\Projects\mk\mk\Debug\midl.command.1.tlog
D:\Documents\Visual Studio 2010\Projects\mk\mk\Debug\midl.read.1.tlog
D:\Documents\Visual Studio 2010\Projects\mk\mk\Debug\midl.write.1.tlog
D:\Documents\Visual Studio 2010\Projects\mk\mk\Debug\midl-midlc.read.1.tlog
D:\Documents\Visual Studio 2010\Projects\mk\mk\Debug\midl-midlc.write.1.tlog
D:\Documents\Visual Studio 2010\Projects\mk\mk\Debug\midl-midlc-cl.read.1.tlog
D:\Documents\Visual Studio 2010\Projects\mk\mk\Debug\midl-midlc-cl.write.1.tlog
D:\DOCUMENTS\VISUAL STUDIO 2010\PROJECTS\MK\MK\DEBUG\MK.EXE.EMBED.MANIFEST
D:\DOCUMENTS\VISUAL STUDIO 2010\PROJECTS\MK\MK\DEBUG\MK.EXE.EMBED.MANIFEST.RES
D:\Documents\Visual Studio 2010\Projects\mk\mk\Debug\mk.exe.intermediate.manifest
D:\DOCUMENTS\VISUAL STUDIO 2010\PROJECTS\MK\MK\DEBUG\MK.OBJ
D:\DOCUMENTS\VISUAL STUDIO 2010\PROJECTS\MK\MK\DEBUG\MK.PCH
D:\DOCUMENTS\VISUAL STUDIO 2010\PROJECTS\MK\MK\DEBUG\MK.RES
D:\DOCUMENTS\VISUAL STUDIO 2010\PROJECTS\MK\MK\DEBUG\MK.TLB
D:\Documents\Visual Studio 2010\Projects\mk\mk\Debug\mk_manifest.rc
D:\DOCUMENTS\VISUAL STUDIO 2010\PROJECTS\MK\MK\DEBUG\MKDLG.OBJ
D:\DOCUMENTS\VISUAL STUDIO 2010\PROJECTS\MK\MK\DEBUG\MOVING_AVERAGE.OBJ
D:\Documents\Visual Studio 2010\Projects\mk\mk\Debug\msado15.tlh
D:\Documents\Visual Studio 2010\Projects\mk\mk\Debug\msado15.tli
D:\Documents\Visual Studio 2010\Projects\mk\mk\Debug\mt.command.1.tlog
D:\Documents\Visual Studio 2010\Projects\mk\mk\Debug\mt.read.1.tlog
D:\Documents\Visual Studio 2010\Projects\mk\mk\Debug\mt.write.1.tlog
D:\Documents\Visual Studio 2010\Projects\mk\mk\Debug\rc.command.1.tlog
D:\Documents\Visual Studio 2010\Projects\mk\mk\Debug\rc.read.1.tlog
D:\Documents\Visual Studio 2010\Projects\mk\mk\Debug\rc.write.1.tlog
D:\DOCUMENTS\VISUAL STUDIO 2010\PROJECTS\MK\MK\DEBUG\STDAFX.OBJ
D:\DOCUMENTS\VISUAL STUDIO 2010\PROJECTS\MK\MK\DEBUG\TURTLE.OBJ
D:\Documents\Visual Studio 2010\Projects\mk\mk\Debug\vc100.idb
D:\DOCUMENTS\VISUAL STUDIO 2010\PROJECTS\MK\MK\DEBUG\VC100.PDB
D:\DOCUMENTS\VISUAL STUDIO 2010\PROJECTS\MK\MK\DEBUG\WORKTHREAD.OBJ
D:\DOCUMENTS\VISUAL STUDIO 2010\PROJECTS\MK\MK\HLP\HTMLDEFINES.H
D:\DOCUMENTS\VISUAL STUDIO 2010\PROJECTS\MK\MK\MK_H.H
D:\DOCUMENTS\VISUAL STUDIO 2010\PROJECTS\MK\MK\MK_I.C
